<?xml version="1.0" encoding="UTF-8"?>
<!-- Generated by org.testng.reporters.JUnitXMLReporter -->
<testsuite ignored="0" hostname="MyLenevo1208" failures="0" tests="8" name="Default test" time="11.578" errors="0" timestamp="2025-09-15T02:06:45 IST">
  <testcase classname="api.test.DataDrivenTests" name="testPostUser" time="3.072"/>
  <testcase classname="api.test.DataDrivenTests" name="testPostUser" time="1.494"/>
  <testcase classname="api.test.DataDrivenTests" name="testPostUser" time="1.478"/>
  <testcase classname="api.test.DataDrivenTests" name="testPostUser" time="0.002"/>
  <testcase classname="api.test.DataDrivenTests" name="testDeleteUserByName" time="1.508"/>
  <testcase classname="api.test.DataDrivenTests" name="testDeleteUserByName" time="1.343"/>
  <testcase classname="api.test.DataDrivenTests" name="testDeleteUserByName" time="1.42"/>
  <testcase classname="api.test.DataDrivenTests" name="testDeleteUserByName" time="0.002"/>
</testsuite> <!-- Default test -->
