<?xml version="1.0" encoding="UTF-8"?>
<testng-results ignored="0" total="4" passed="4" failed="0" skipped="0">
  <reporter-output>
  </reporter-output>
  <suite started-at="2025-09-20T21:30:21 IST" name="PetSuite" finished-at="2025-09-20T21:30:32 IST" duration-ms="10545">
    <groups>
    </groups>
    <test started-at="2025-09-20T21:30:21 IST" name="Test" finished-at="2025-09-20T21:30:32 IST" duration-ms="10545">
      <class name="api.test.UserTests2">
        <test-method is-config="true" signature="setup()[pri:0, instance:api.test.UserTests2@38afe297]" started-at="2025-09-20T21:30:22 IST" name="setup" finished-at="2025-09-20T21:30:22 IST" duration-ms="621" status="PASS">
          <reporter-output>
          </reporter-output>
        </test-method> <!-- setup -->
        <test-method signature="testPostUser()[pri:1, instance:api.test.UserTests2@38afe297]" started-at="2025-09-20T21:30:22 IST" name="testPostUser" finished-at="2025-09-20T21:30:25 IST" duration-ms="2743" status="PASS">
          <reporter-output>
          </reporter-output>
        </test-method> <!-- testPostUser -->
        <test-method signature="testGetUserByName()[pri:2, instance:api.test.UserTests2@38afe297]" started-at="2025-09-20T21:30:25 IST" name="testGetUserByName" finished-at="2025-09-20T21:30:26 IST" duration-ms="1297" status="PASS">
          <reporter-output>
          </reporter-output>
        </test-method> <!-- testGetUserByName -->
        <test-method signature="testUpdateUserByName()[pri:3, instance:api.test.UserTests2@38afe297]" started-at="2025-09-20T21:30:26 IST" name="testUpdateUserByName" finished-at="2025-09-20T21:30:29 IST" duration-ms="3018" status="PASS">
          <reporter-output>
          </reporter-output>
        </test-method> <!-- testUpdateUserByName -->
        <test-method signature="testDeleteUserByName()[pri:4, instance:api.test.UserTests2@38afe297]" started-at="2025-09-20T21:30:29 IST" name="testDeleteUserByName" finished-at="2025-09-20T21:30:32 IST" duration-ms="2622" status="PASS">
          <reporter-output>
          </reporter-output>
        </test-method> <!-- testDeleteUserByName -->
      </class> <!-- api.test.UserTests2 -->
    </test> <!-- Test -->
  </suite> <!-- PetSuite -->
</testng-results>
