<?xml version="1.0" encoding="UTF-8"?>
<!-- Generated by org.testng.reporters.JUnitXMLReporter -->
<testsuite ignored="0" hostname="MyLenevo1208" failures="1" tests="4" name="Test" time="28.099" errors="0" timestamp="2025-09-21T01:10:35 IST">
  <testcase classname="api.test.UserTests2" name="testPostUser" time="3.602"/>
  <testcase classname="api.test.UserTests2" name="testGetUserByName" time="5.509"/>
  <testcase classname="api.test.UserTests2" name="testUpdateUserByName" time="9.094">
    <failure type="java.lang.AssertionError" message="expected [200] but found [404]">
      <![CDATA[java.lang.AssertionError: expected [200] but found [404]
at api.test.UserTests2.testUpdateUserByName(UserTests2.java:86)
at java.base/java.util.ArrayList.forEach(ArrayList.java:1597)
... Removed 36 stack frames]]>
    </failure>
  </testcase> <!-- testUpdateUserByName -->
  <testcase classname="api.test.UserTests2" name="testDeleteUserByName" time="8.99"/>
</testsuite> <!-- Test -->
