<?xml version="1.0" encoding="UTF-8"?>
<!-- Generated by org.testng.reporters.JUnitXMLReporter -->
<testsuite ignored="0" hostname="MyLenevo1208" failures="1" tests="4" name="Test" time="34.543" errors="0" timestamp="2025-09-17T01:17:58 IST">
  <testcase classname="api.test.UserTests" name="testPostUser" time="5.527"/>
  <testcase classname="api.test.UserTests" name="testGetUserByName" time="5.708">
    <failure type="java.lang.AssertionError" message="expected [200] but found [404]">
      <![CDATA[java.lang.AssertionError: expected [200] but found [404]
at api.test.UserTests.testGetUserByName(UserTests.java:60)
at java.base/java.util.ArrayList.forEach(ArrayList.java:1597)
... Removed 32 stack frames]]>
    </failure>
  </testcase> <!-- testGetUserByName -->
  <testcase classname="api.test.UserTests" name="testUpdateUserByName" time="12.3"/>
  <testcase classname="api.test.UserTests" name="testDeleteUserByName" time="9.781"/>
</testsuite> <!-- Test -->
